<?xml version="1.0" encoding="UTF-8"?>
<!-- Generated by org.testng.reporters.JUnitReportReporter -->
<testsuite hostname="DHRUV" failures="0" tests="1" name="TestCases.VerifyAmazon" time="38.569" errors="0" timestamp="2023-10-26T21:51:46 IST" skipped="0">
  <testcase classname="TestCases.VerifyAmazon" name="Login" time="38.569"/>
</testsuite> <!-- TestCases.VerifyAmazon -->
